Tue Apr 19 14:59:08 MDT 2011  [debug] AvalonLogSystem initialized using logfile 'velocity.log'
Tue Apr 19 14:59:08 MDT 2011   [info] ************************************************************** 
Tue Apr 19 14:59:08 MDT 2011   [info] Starting Jakarta Velocity v1.4
Tue Apr 19 14:59:08 MDT 2011   [info] RuntimeInstance initializing.
Tue Apr 19 14:59:08 MDT 2011   [info] Default Properties File: org/apache/velocity/runtime/defaults/velocity.properties
Tue Apr 19 14:59:08 MDT 2011   [info] Trying to use logger class org.apache.velocity.runtime.log.AvalonLogSystem
Tue Apr 19 14:59:08 MDT 2011   [info] Using logger class org.apache.velocity.runtime.log.AvalonLogSystem
Tue Apr 19 14:59:08 MDT 2011   [info] Default ResourceManager initializing. (class org.apache.velocity.runtime.resource.ResourceManagerImpl)
Tue Apr 19 14:59:08 MDT 2011   [info] Resource Loader Instantiated: org.apache.velocity.runtime.resource.loader.ClasspathResourceLoader
Tue Apr 19 14:59:08 MDT 2011   [info] ClasspathResourceLoader : initialization starting.
Tue Apr 19 14:59:08 MDT 2011   [info] ClasspathResourceLoader : initialization complete.
Tue Apr 19 14:59:08 MDT 2011   [info] ResourceCache : initialized. (class org.apache.velocity.runtime.resource.ResourceCacheImpl)
Tue Apr 19 14:59:08 MDT 2011   [info] Default ResourceManager initialization complete.
Tue Apr 19 14:59:08 MDT 2011   [info] Loaded System Directive: org.apache.velocity.runtime.directive.Literal
Tue Apr 19 14:59:08 MDT 2011   [info] Loaded System Directive: org.apache.velocity.runtime.directive.Macro
Tue Apr 19 14:59:08 MDT 2011   [info] Loaded System Directive: org.apache.velocity.runtime.directive.Parse
Tue Apr 19 14:59:08 MDT 2011   [info] Loaded System Directive: org.apache.velocity.runtime.directive.Include
Tue Apr 19 14:59:08 MDT 2011   [info] Loaded System Directive: org.apache.velocity.runtime.directive.Foreach
Tue Apr 19 14:59:08 MDT 2011   [info] Created: 20 parsers.
Tue Apr 19 14:59:08 MDT 2011   [info] Velocimacro : initialization starting.
Tue Apr 19 14:59:08 MDT 2011   [info] Velocimacro : adding VMs from VM library template : VM_global_library.vm
Tue Apr 19 14:59:08 MDT 2011  [error] ResourceManager : unable to find resource 'VM_global_library.vm' in any resource loader.
Tue Apr 19 14:59:08 MDT 2011   [info] Velocimacro : error using  VM library template VM_global_library.vm : org.apache.velocity.exception.ResourceNotFoundException: Unable to find resource 'VM_global_library.vm'
Tue Apr 19 14:59:08 MDT 2011   [info] Velocimacro :  VM library template macro registration complete.
Tue Apr 19 14:59:08 MDT 2011   [info] Velocimacro : allowInline = true : VMs can be defined inline in templates
Tue Apr 19 14:59:08 MDT 2011   [info] Velocimacro : allowInlineToOverride = false : VMs defined inline may NOT replace previous VM definitions
Tue Apr 19 14:59:08 MDT 2011   [info] Velocimacro : allowInlineLocal = false : VMs defined inline will be  global in scope if allowed.
Tue Apr 19 14:59:08 MDT 2011   [info] Velocimacro : messages on  : VM system will output logging messages
Tue Apr 19 14:59:08 MDT 2011   [info] Velocimacro : autoload off  : VM system will not automatically reload global library macros
Tue Apr 19 14:59:08 MDT 2011   [info] Velocimacro : initialization complete.
Tue Apr 19 14:59:08 MDT 2011   [info] Velocity successfully started.
Tue Apr 19 15:49:17 MDT 2011   [info] ResourceManager : found org/uncommons/reportng/templates/xml/results.xml.vm with loader org.apache.velocity.runtime.resource.loader.ClasspathResourceLoader
Tue Apr 19 15:49:17 MDT 2011   [info] ResourceManager : found org/uncommons/reportng/templates/xml/results.xml.vm with loader org.apache.velocity.runtime.resource.loader.ClasspathResourceLoader
Tue Apr 19 15:49:17 MDT 2011   [info] ResourceManager : found org/uncommons/reportng/templates/xml/results.xml.vm with loader org.apache.velocity.runtime.resource.loader.ClasspathResourceLoader
Tue Apr 19 15:49:17 MDT 2011   [info] ResourceManager : found org/uncommons/reportng/templates/xml/results.xml.vm with loader org.apache.velocity.runtime.resource.loader.ClasspathResourceLoader
Tue Apr 19 15:49:17 MDT 2011   [info] ResourceManager : found org/uncommons/reportng/templates/xml/results.xml.vm with loader org.apache.velocity.runtime.resource.loader.ClasspathResourceLoader
Tue Apr 19 15:49:17 MDT 2011   [info] ResourceManager : found org/uncommons/reportng/templates/xml/results.xml.vm with loader org.apache.velocity.runtime.resource.loader.ClasspathResourceLoader
Tue Apr 19 15:49:17 MDT 2011   [info] ResourceManager : found org/uncommons/reportng/templates/xml/results.xml.vm with loader org.apache.velocity.runtime.resource.loader.ClasspathResourceLoader
Tue Apr 19 15:49:17 MDT 2011   [info] ResourceManager : found org/uncommons/reportng/templates/xml/results.xml.vm with loader org.apache.velocity.runtime.resource.loader.ClasspathResourceLoader
Tue Apr 19 15:49:17 MDT 2011   [info] ResourceManager : found org/uncommons/reportng/templates/html/index.html.vm with loader org.apache.velocity.runtime.resource.loader.ClasspathResourceLoader
Tue Apr 19 15:49:17 MDT 2011   [info] ResourceManager : found org/uncommons/reportng/templates/html/overview.html.vm with loader org.apache.velocity.runtime.resource.loader.ClasspathResourceLoader
Tue Apr 19 15:49:17 MDT 2011   [info] ResourceManager : found org/uncommons/reportng/templates/html/suites.html.vm with loader org.apache.velocity.runtime.resource.loader.ClasspathResourceLoader
Tue Apr 19 15:49:17 MDT 2011   [info] ResourceManager : found org/uncommons/reportng/templates/html/groups.html.vm with loader org.apache.velocity.runtime.resource.loader.ClasspathResourceLoader
Tue Apr 19 15:49:17 MDT 2011   [info] ResourceManager : found org/uncommons/reportng/templates/html/results.html.vm with loader org.apache.velocity.runtime.resource.loader.ClasspathResourceLoader
Tue Apr 19 15:49:17 MDT 2011   [info] ResourceManager : found org/uncommons/reportng/templates/html/class-results.html.vm with loader org.apache.velocity.runtime.resource.loader.ClasspathResourceLoader
Tue Apr 19 15:49:17 MDT 2011   [info] ResourceManager : found org/uncommons/reportng/templates/html/results.html.vm with loader org.apache.velocity.runtime.resource.loader.ClasspathResourceLoader
Tue Apr 19 15:49:17 MDT 2011   [info] ResourceManager : found org/uncommons/reportng/templates/html/class-results.html.vm with loader org.apache.velocity.runtime.resource.loader.ClasspathResourceLoader
Tue Apr 19 15:49:17 MDT 2011   [info] ResourceManager : found org/uncommons/reportng/templates/html/results.html.vm with loader org.apache.velocity.runtime.resource.loader.ClasspathResourceLoader
Tue Apr 19 15:49:17 MDT 2011   [info] ResourceManager : found org/uncommons/reportng/templates/html/class-results.html.vm with loader org.apache.velocity.runtime.resource.loader.ClasspathResourceLoader
Tue Apr 19 15:49:17 MDT 2011   [info] ResourceManager : found org/uncommons/reportng/templates/html/results.html.vm with loader org.apache.velocity.runtime.resource.loader.ClasspathResourceLoader
Tue Apr 19 15:49:17 MDT 2011   [info] ResourceManager : found org/uncommons/reportng/templates/html/class-results.html.vm with loader org.apache.velocity.runtime.resource.loader.ClasspathResourceLoader
Tue Apr 19 15:49:17 MDT 2011   [info] ResourceManager : found org/uncommons/reportng/templates/html/results.html.vm with loader org.apache.velocity.runtime.resource.loader.ClasspathResourceLoader
Tue Apr 19 15:49:17 MDT 2011   [info] ResourceManager : found org/uncommons/reportng/templates/html/class-results.html.vm with loader org.apache.velocity.runtime.resource.loader.ClasspathResourceLoader
Tue Apr 19 15:49:17 MDT 2011   [info] ResourceManager : found org/uncommons/reportng/templates/html/class-results.html.vm with loader org.apache.velocity.runtime.resource.loader.ClasspathResourceLoader
Tue Apr 19 15:49:17 MDT 2011   [info] ResourceManager : found org/uncommons/reportng/templates/html/class-results.html.vm with loader org.apache.velocity.runtime.resource.loader.ClasspathResourceLoader
Tue Apr 19 15:49:17 MDT 2011   [info] ResourceManager : found org/uncommons/reportng/templates/html/class-results.html.vm with loader org.apache.velocity.runtime.resource.loader.ClasspathResourceLoader
Tue Apr 19 15:49:17 MDT 2011   [info] ResourceManager : found org/uncommons/reportng/templates/html/results.html.vm with loader org.apache.velocity.runtime.resource.loader.ClasspathResourceLoader
Tue Apr 19 15:49:17 MDT 2011   [info] ResourceManager : found org/uncommons/reportng/templates/html/class-results.html.vm with loader org.apache.velocity.runtime.resource.loader.ClasspathResourceLoader
Tue Apr 19 15:49:17 MDT 2011   [info] ResourceManager : found org/uncommons/reportng/templates/html/class-results.html.vm with loader org.apache.velocity.runtime.resource.loader.ClasspathResourceLoader
Tue Apr 19 15:49:17 MDT 2011   [info] ResourceManager : found org/uncommons/reportng/templates/html/class-results.html.vm with loader org.apache.velocity.runtime.resource.loader.ClasspathResourceLoader
Tue Apr 19 15:49:17 MDT 2011   [info] ResourceManager : found org/uncommons/reportng/templates/html/class-results.html.vm with loader org.apache.velocity.runtime.resource.loader.ClasspathResourceLoader
Tue Apr 19 15:49:17 MDT 2011   [info] ResourceManager : found org/uncommons/reportng/templates/html/class-results.html.vm with loader org.apache.velocity.runtime.resource.loader.ClasspathResourceLoader
